[29.07.2021 15:29:58] bot.py:57 INFO - [VK] Started scanning for new posts
[29.07.2021 15:29:58] bot.py:63 INFO - Last ID (VK) = 1893
[29.07.2021 15:29:58] bot.py:87 ERROR - Exception of type TypeError in check_new_post(): unhashable type: 'slice'
[29.07.2021 15:29:58] bot.py:89 INFO - [VK] Finished scanning
[29.07.2021 15:29:58] bot.py:103 INFO - [App] Script went to sleep.
[29.07.2021 15:33:58] bot.py:57 INFO - [VK] Started scanning for new posts
[29.07.2021 15:33:58] bot.py:63 INFO - Last ID (VK) = 1893
[29.07.2021 15:33:59] bot.py:87 ERROR - Exception of type TypeError in check_new_post(): unhashable type: 'slice'
[29.07.2021 15:33:59] bot.py:89 INFO - [VK] Finished scanning
[29.07.2021 15:33:59] bot.py:103 INFO - [App] Script went to sleep.
[29.07.2021 15:37:59] bot.py:57 INFO - [VK] Started scanning for new posts
[29.07.2021 15:37:59] bot.py:63 INFO - Last ID (VK) = 1893
[29.07.2021 15:37:59] bot.py:87 ERROR - Exception of type TypeError in check_new_post(): unhashable type: 'slice'
[29.07.2021 15:37:59] bot.py:89 INFO - [VK] Finished scanning
[29.07.2021 15:37:59] bot.py:103 INFO - [App] Script went to sleep.
[29.07.2021 15:41:59] bot.py:57 INFO - [VK] Started scanning for new posts
[29.07.2021 15:41:59] bot.py:63 INFO - Last ID (VK) = 1893
[29.07.2021 15:41:59] bot.py:87 ERROR - Exception of type TypeError in check_new_post(): unhashable type: 'slice'
[29.07.2021 15:41:59] bot.py:89 INFO - [VK] Finished scanning
[29.07.2021 15:41:59] bot.py:103 INFO - [App] Script went to sleep.
[29.07.2021 15:45:59] bot.py:57 INFO - [VK] Started scanning for new posts
[29.07.2021 15:45:59] bot.py:63 INFO - Last ID (VK) = 1893
[29.07.2021 15:45:59] bot.py:87 ERROR - Exception of type TypeError in check_new_post(): unhashable type: 'slice'
[29.07.2021 15:45:59] bot.py:89 INFO - [VK] Finished scanning
[29.07.2021 15:45:59] bot.py:103 INFO - [App] Script went to sleep.
[29.07.2021 15:49:59] bot.py:57 INFO - [VK] Started scanning for new posts
[29.07.2021 15:49:59] bot.py:63 INFO - Last ID (VK) = 1893
[29.07.2021 15:49:59] bot.py:87 ERROR - Exception of type TypeError in check_new_post(): unhashable type: 'slice'
[29.07.2021 15:49:59] bot.py:89 INFO - [VK] Finished scanning
[29.07.2021 15:49:59] bot.py:103 INFO - [App] Script went to sleep.
[29.07.2021 15:53:59] bot.py:57 INFO - [VK] Started scanning for new posts
[29.07.2021 15:53:59] bot.py:63 INFO - Last ID (VK) = 1893
[29.07.2021 15:54:00] bot.py:87 ERROR - Exception of type TypeError in check_new_post(): unhashable type: 'slice'
[29.07.2021 15:54:00] bot.py:89 INFO - [VK] Finished scanning
[29.07.2021 15:54:00] bot.py:103 INFO - [App] Script went to sleep.
[29.07.2021 15:58:00] bot.py:57 INFO - [VK] Started scanning for new posts
[29.07.2021 15:58:00] bot.py:63 INFO - Last ID (VK) = 1893
[29.07.2021 15:58:00] bot.py:87 ERROR - Exception of type TypeError in check_new_post(): unhashable type: 'slice'
[29.07.2021 15:58:00] bot.py:89 INFO - [VK] Finished scanning
[29.07.2021 15:58:00] bot.py:103 INFO - [App] Script went to sleep.
[29.07.2021 16:02:00] bot.py:57 INFO - [VK] Started scanning for new posts
[29.07.2021 16:02:00] bot.py:63 INFO - Last ID (VK) = 1893
[29.07.2021 16:02:00] bot.py:87 ERROR - Exception of type TypeError in check_new_post(): unhashable type: 'slice'
[29.07.2021 16:02:00] bot.py:89 INFO - [VK] Finished scanning
[29.07.2021 16:02:00] bot.py:103 INFO - [App] Script went to sleep.
[29.07.2021 16:06:00] bot.py:57 INFO - [VK] Started scanning for new posts
[29.07.2021 16:06:00] bot.py:63 INFO - Last ID (VK) = 1893
[29.07.2021 16:06:00] bot.py:87 ERROR - Exception of type TypeError in check_new_post(): unhashable type: 'slice'
[29.07.2021 16:06:00] bot.py:89 INFO - [VK] Finished scanning
[29.07.2021 16:06:00] bot.py:103 INFO - [App] Script went to sleep.
[29.07.2021 16:10:00] bot.py:57 INFO - [VK] Started scanning for new posts
[29.07.2021 16:10:00] bot.py:63 INFO - Last ID (VK) = 1893
[29.07.2021 16:10:00] bot.py:87 ERROR - Exception of type TypeError in check_new_post(): unhashable type: 'slice'
[29.07.2021 16:10:00] bot.py:89 INFO - [VK] Finished scanning
[29.07.2021 16:10:00] bot.py:103 INFO - [App] Script went to sleep.
[29.07.2021 16:14:00] bot.py:57 INFO - [VK] Started scanning for new posts
[29.07.2021 16:14:00] bot.py:63 INFO - Last ID (VK) = 1893
[29.07.2021 16:14:01] bot.py:87 ERROR - Exception of type TypeError in check_new_post(): unhashable type: 'slice'
[29.07.2021 16:14:01] bot.py:89 INFO - [VK] Finished scanning
[29.07.2021 16:14:01] bot.py:103 INFO - [App] Script went to sleep.
[29.07.2021 16:18:01] bot.py:57 INFO - [VK] Started scanning for new posts
[29.07.2021 16:18:01] bot.py:63 INFO - Last ID (VK) = 1893
[29.07.2021 16:18:01] bot.py:87 ERROR - Exception of type TypeError in check_new_post(): unhashable type: 'slice'
[29.07.2021 16:18:01] bot.py:89 INFO - [VK] Finished scanning
[29.07.2021 16:18:01] bot.py:103 INFO - [App] Script went to sleep.
[29.07.2021 16:22:01] bot.py:57 INFO - [VK] Started scanning for new posts
[29.07.2021 16:22:01] bot.py:63 INFO - Last ID (VK) = 1893
[29.07.2021 16:22:01] bot.py:87 ERROR - Exception of type TypeError in check_new_post(): unhashable type: 'slice'
[29.07.2021 16:22:01] bot.py:89 INFO - [VK] Finished scanning
[29.07.2021 16:22:01] bot.py:103 INFO - [App] Script went to sleep.
[29.07.2021 16:26:01] bot.py:57 INFO - [VK] Started scanning for new posts
[29.07.2021 16:26:01] bot.py:63 INFO - Last ID (VK) = 1893
[29.07.2021 16:26:01] bot.py:87 ERROR - Exception of type TypeError in check_new_post(): unhashable type: 'slice'
[29.07.2021 16:26:01] bot.py:89 INFO - [VK] Finished scanning
[29.07.2021 16:26:01] bot.py:103 INFO - [App] Script went to sleep.
[29.07.2021 16:30:01] bot.py:57 INFO - [VK] Started scanning for new posts
[29.07.2021 16:30:01] bot.py:63 INFO - Last ID (VK) = 1893
[29.07.2021 16:30:01] bot.py:87 ERROR - Exception of type TypeError in check_new_post(): unhashable type: 'slice'
[29.07.2021 16:30:01] bot.py:89 INFO - [VK] Finished scanning
[29.07.2021 16:30:01] bot.py:103 INFO - [App] Script went to sleep.
[29.07.2021 16:34:01] bot.py:57 INFO - [VK] Started scanning for new posts
[29.07.2021 16:34:01] bot.py:63 INFO - Last ID (VK) = 1893
[29.07.2021 16:34:02] bot.py:87 ERROR - Exception of type TypeError in check_new_post(): unhashable type: 'slice'
[29.07.2021 16:34:02] bot.py:89 INFO - [VK] Finished scanning
[29.07.2021 16:34:02] bot.py:103 INFO - [App] Script went to sleep.
[29.07.2021 16:38:02] bot.py:57 INFO - [VK] Started scanning for new posts
[29.07.2021 16:38:02] bot.py:63 INFO - Last ID (VK) = 1893
[29.07.2021 16:38:02] bot.py:87 ERROR - Exception of type TypeError in check_new_post(): unhashable type: 'slice'
[29.07.2021 16:38:02] bot.py:89 INFO - [VK] Finished scanning
[29.07.2021 16:38:02] bot.py:103 INFO - [App] Script went to sleep.
[29.07.2021 16:42:02] bot.py:57 INFO - [VK] Started scanning for new posts
[29.07.2021 16:42:02] bot.py:63 INFO - Last ID (VK) = 1893
[29.07.2021 16:42:02] bot.py:87 ERROR - Exception of type TypeError in check_new_post(): unhashable type: 'slice'
[29.07.2021 16:42:02] bot.py:89 INFO - [VK] Finished scanning
[29.07.2021 16:42:02] bot.py:103 INFO - [App] Script went to sleep.
